C:\Users\MindRuby\AppData\Local\Programs\Python\Python313\Lib\site-packages\requests\__init__.py:113: RequestsDependencyWarning: urllib3 (2.5.0) or chardet (7.4.0.post2)/charset_normalizer (3.4.3) doesn't match a supported version!
  warnings.warn(
2026-04-23 17:12:42,959 - __main__ - INFO - Database: postgresql+psycopg2://postgres:admin@localhost:5432/LeadsEnrichment

2026-04-23 17:12:43,022 - scraper.database.manager - INFO - Database initialized: postgresql+psycopg2://postgres:admin@localhost:5432/LeadsEnrichment
2026-04-23 17:12:43,030 - __main__ - INFO - ======================================================================
2026-04-23 17:12:43,031 - __main__ - INFO - Starting enrichment for Job: Salesforce Customer-20April
2026-04-23 17:12:43,032 - __main__ - INFO - Job ID: 421a395a-9662-4022-9084-acfaa417e0b5
2026-04-23 17:12:43,032 - __main__ - INFO - Status: completed
2026-04-23 17:12:43,032 - __main__ - INFO - Dry Run: False
2026-04-23 17:12:43,032 - __main__ - INFO - ======================================================================
2026-04-23 17:12:43,035 - __main__ - INFO - Enrichment Status: 1 pending, 0 processing, 0 enriched, 0 failed out of 1 total
2026-04-23 17:12:43,036 - scraper.enrichment.manager - INFO - Found 1 pending companies for job 421a395a-9662-4022-9084-acfaa417e0b5
2026-04-23 17:12:43,037 - __main__ - INFO - 
Processing 1 pending companies...

2026-04-23 17:12:43,037 - __main__ - INFO - [1/1] Processing: Fireblocks
2026-04-23 17:12:43,039 - scraper.enrichment.manager - INFO - Marked company 420 as processing enrichment
2026-04-23 17:12:54,769 - scraper.enrichment.smartlead_adapter - WARNING - Request timeout (attempt 1/3). Retrying in 2s...
2026-04-23 17:13:07,036 - scraper.enrichment.smartlead_adapter - WARNING - Request timeout (attempt 2/3). Retrying in 4s...
2026-04-23 17:13:16,219 - scraper.enrichment.manager - INFO - Successfully enriched company 420
2026-04-23 17:13:16,229 - __main__ - INFO -   \u2705 Successfully enriched
2026-04-23 17:13:16,230 - __main__ - INFO - 
======================================================================
2026-04-23 17:13:16,230 - __main__ - INFO - Enrichment Complete for Job: Salesforce Customer-20April
2026-04-23 17:13:16,230 - __main__ - INFO - \u2705 Successfully enriched: 1
2026-04-23 17:13:16,230 - __main__ - INFO - \u274c Failed: 0
2026-04-23 17:13:16,230 - __main__ - INFO - ======================================================================
